[2025-10-19 09:12:37] ERROR — Error while fetching notes:  TypeError: Cannot read properties of undefined (reading 'length')
[2025-10-19 09:13:30] ERROR — Error while fetching notes:  TypeError: Cannot read properties of undefined (reading 'length')
[2025-10-19 09:13:52] ERROR — Error while fetching notes:  TypeError: Cannot read properties of undefined (reading 'length')
[2025-10-19 10:11:34] ERROR — Error while fetching notes:  TypeError: Cannot read properties of undefined (reading 'length')
[2025-10-19 10:11:39] ERROR — Error while fetching notes:  TypeError: Cannot read properties of undefined (reading 'length')
[2025-10-19 10:11:41] ERROR — Error while fetching notes:  TypeError: Cannot read properties of undefined (reading 'length')
[2025-10-19 10:11:43] ERROR — Error while fetching notes:  TypeError: Cannot read properties of undefined (reading 'length')
[2025-10-19 10:18:37] ERROR — Error while fetching notes:  TypeError: Cannot read properties of undefined (reading 'length')
[2025-10-19 10:18:51] ERROR — Error while fetching notes:  TypeError: Cannot read properties of undefined (reading 'length')
[2025-10-19 10:18:55] ERROR — Error while fetching notes:  TypeError: Cannot read properties of undefined (reading 'length')
[2025-10-19 10:19:07] ERROR — Error while fetching notes:  TypeError: Cannot read properties of undefined (reading 'length')
[2025-10-19 10:19:12] ERROR — Error while fetching notes:  TypeError: Cannot read properties of undefined (reading 'length')
[2025-10-19 10:19:14] ERROR — Error while fetching notes:  TypeError: Cannot read properties of undefined (reading 'length')
[2025-10-19 10:19:17] ERROR — Error while fetching notes:  TypeError: Cannot read properties of undefined (reading 'length')
[2025-10-19 10:19:22] ERROR — Error while fetching notes:  TypeError: Cannot read properties of undefined (reading 'length')
[2025-10-19 10:19:31] ERROR — Error while fetching notes:  TypeError: Cannot read properties of undefined (reading 'length')
[2025-10-19 10:26:48] ERROR — Error while fetching notes:  TypeError: Cannot read properties of undefined (reading 'length')
[2025-10-19 10:27:05] ERROR — Error while fetching notes:  TypeError: Cannot read properties of undefined (reading 'length')
[2025-10-19 10:27:08] ERROR — Error while fetching notes:  TypeError: Cannot read properties of undefined (reading 'length')
[2025-10-19 10:27:12] ERROR — Error while fetching notes:  TypeError: Cannot read properties of undefined (reading 'length')
[2025-10-19 10:27:23] ERROR — Error while fetching notes:  TypeError: Cannot read properties of undefined (reading 'length')
[2025-10-19 10:27:33] ERROR — Error while fetching notes:  TypeError: Cannot read properties of undefined (reading 'length')
[2025-10-19 10:27:36] ERROR — Error while fetching notes:  TypeError: Cannot read properties of undefined (reading 'length')
[2025-10-19 10:27:38] ERROR — Error while fetching notes:  TypeError: Cannot read properties of undefined (reading 'length')
[2025-10-19 10:27:44] ERROR — Error while fetching notes:  TypeError: Cannot read properties of undefined (reading 'length')
[2025-10-19 10:27:47] ERROR — Error while fetching notes:  TypeError: Cannot read properties of undefined (reading 'length')
[2025-10-19 10:27:49] ERROR — Error while fetching notes:  TypeError: Cannot read properties of undefined (reading 'length')
[2025-10-19 10:28:06] ERROR — Error while fetching notes:  TypeError: Cannot read properties of undefined (reading 'length')
[2025-10-19 10:28:32] ERROR — Error while fetching notes:  TypeError: Cannot read properties of undefined (reading 'length')
[2025-10-19 10:28:34] ERROR — Error while fetching notes:  TypeError: Cannot read properties of undefined (reading 'length')
[2025-10-19 11:33:09] ERROR — Error while fetching notes:  TypeError: Cannot read properties of undefined (reading 'length')
[2025-10-19 11:35:29] ERROR — Error while fetching notes:  TypeError: Cannot read properties of undefined (reading 'length')
[2025-10-19 11:35:31] ERROR — Error while fetching notes:  TypeError: Cannot read properties of undefined (reading 'length')
[2025-10-19 11:35:33] ERROR — Error while fetching notes:  TypeError: Cannot read properties of undefined (reading 'length')
[2025-10-19 11:37:08] ERROR — Error while fetching notes:  TypeError: Cannot read properties of undefined (reading 'length')
[2025-10-19 11:39:54] ERROR — Error while fetching notes:  TypeError: Cannot read properties of undefined (reading 'length')
[2025-10-19 11:40:12] ERROR — Error while fetching notes:  TypeError: Cannot read properties of undefined (reading 'length')
[2025-10-19 11:40:17] ERROR — Error while fetching notes:  TypeError: Cannot read properties of undefined (reading 'length')
[2025-10-19 11:40:18] ERROR — Error while fetching notes:  TypeError: Cannot read properties of undefined (reading 'length')
[2025-10-19 11:42:11] ERROR — Error while fetching notes:  TypeError: Cannot read properties of undefined (reading 'length')
[2025-10-19 11:57:59] ERROR — Error while fetching notes:  TypeError: Cannot read properties of undefined (reading 'length')
[2025-10-19 11:58:24] ERROR — Error while fetching notes:  TypeError: Cannot read properties of undefined (reading 'length')
[2025-10-19 11:58:30] ERROR — Error while fetching notes:  TypeError: Cannot read properties of undefined (reading 'length')
[2025-10-19 11:58:48] ERROR — Error while fetching notes:  TypeError: Cannot read properties of undefined (reading 'length')
[2025-10-19 12:01:14] ERROR — Error while fetching notes:  TypeError: Cannot read properties of undefined (reading 'length')
[2025-10-19 12:02:25] ERROR — Error while fetching notes:  TypeError: Cannot read properties of undefined (reading 'length')
[2025-10-19 12:02:28] ERROR — Error while fetching notes:  TypeError: Cannot read properties of undefined (reading 'length')
[2025-10-19 12:02:34] ERROR — Error while fetching notes:  TypeError: Cannot read properties of undefined (reading 'length')
[2025-10-19 12:02:43] ERROR — Error while fetching notes:  TypeError: Cannot read properties of undefined (reading 'length')
[2025-10-19 12:59:04] ERROR — Error while fetching notes:  TypeError: Cannot read properties of undefined (reading 'length')
[2025-10-19 12:59:38] ERROR — Error while fetching notes:  TypeError: Cannot read properties of undefined (reading 'length')
[2025-10-19 13:00:35] ERROR — Error while fetching notes:  TypeError: Cannot read properties of undefined (reading 'length')
[2025-10-19 13:00:41] ERROR — Error while fetching notes:  TypeError: Cannot read properties of undefined (reading 'length')
[2025-10-19 13:01:02] ERROR — Error while fetching notes:  TypeError: Cannot read properties of undefined (reading 'length')
[2025-10-19 13:04:40] ERROR — Error while fetching notes:  TypeError: Cannot read properties of undefined (reading 'length')
[2025-10-19 13:04:48] ERROR — Error while fetching notes:  TypeError: Cannot read properties of undefined (reading 'length')
[2025-10-19 13:04:51] ERROR — Error while fetching notes:  TypeError: Cannot read properties of undefined (reading 'length')
[2025-10-19 13:05:57] ERROR — Error while fetching notes:  TypeError: Cannot read properties of undefined (reading 'length')
[2025-10-19 13:06:18] ERROR — Error while fetching notes:  TypeError: Cannot read properties of undefined (reading 'length')
[2025-10-19 13:07:29] ERROR — Error while fetching notes:  TypeError: Cannot read properties of undefined (reading 'length')
[2025-10-19 13:18:11] ERROR — Error while fetching notes:  TypeError: Cannot read properties of undefined (reading 'length')
[2025-10-19 13:18:33] ERROR — Error while fetching notes:  TypeError: Cannot read properties of undefined (reading 'length')
[2025-10-19 13:18:50] ERROR — Error while fetching notes:  TypeError: Cannot read properties of undefined (reading 'length')
[2025-10-19 13:18:54] ERROR — Error while fetching notes:  TypeError: Cannot read properties of undefined (reading 'length')
[2025-10-19 13:19:11] ERROR — Error while fetching notes:  TypeError: Cannot read properties of undefined (reading 'length')
[2025-10-19 13:19:16] ERROR — Error while fetching notes:  TypeError: Cannot read properties of undefined (reading 'length')
[2025-10-19 13:19:25] ERROR — Error while fetching notes:  TypeError: Cannot read properties of undefined (reading 'length')
[2025-10-19 13:19:30] ERROR — Error while fetching notes:  TypeError: Cannot read properties of undefined (reading 'length')
[2025-10-19 13:56:21] ERROR — Error while fetching notes:  TypeError: Cannot read properties of undefined (reading 'length')
[2025-10-19 13:59:57] ERROR — Error while fetching notes:  TypeError: Cannot read properties of undefined (reading 'length')
[2025-10-19 14:00:01] ERROR — Error while fetching notes:  TypeError: Cannot read properties of undefined (reading 'length')
[2025-10-19 14:00:09] ERROR — Error while fetching notes:  TypeError: Cannot read properties of undefined (reading 'length')
[2025-10-19 14:00:30] ERROR — Error while fetching notes:  TypeError: Cannot read properties of undefined (reading 'length')
[2025-10-19 14:02:24] ERROR — Error while fetching notes:  TypeError: Cannot read properties of undefined (reading 'length')
[2025-10-19 14:02:26] ERROR — Error while fetching notes:  TypeError: Cannot read properties of undefined (reading 'length')
[2025-10-19 14:02:28] ERROR — Error while fetching notes:  TypeError: Cannot read properties of undefined (reading 'length')
[2025-10-19 14:02:29] ERROR — Error while fetching notes:  TypeError: Cannot read properties of undefined (reading 'length')
[2025-10-19 14:02:33] ERROR — Error while fetching notes:  TypeError: Cannot read properties of undefined (reading 'length')
[2025-10-19 14:02:38] ERROR — Error while fetching notes:  TypeError: Cannot read properties of undefined (reading 'length')
[2025-10-19 14:02:40] ERROR — Error while fetching notes:  TypeError: Cannot read properties of undefined (reading 'length')
[2025-10-19 14:02:41] ERROR — Error while fetching notes:  TypeError: Cannot read properties of undefined (reading 'length')
[2025-10-19 14:02:43] ERROR — Error while fetching notes:  TypeError: Cannot read properties of undefined (reading 'length')
[2025-10-19 14:15:45] ERROR — Error while fetching notes:  TypeError: Cannot read properties of undefined (reading 'length')
[2025-10-19 14:16:17] ERROR — Error while adding data:  TypeError: Cannot read properties of null (reading 'match')
[2025-10-19 14:18:48] ERROR — Error while fetching notes:  TypeError: Cannot read properties of undefined (reading 'length')
[2025-10-19 14:18:59] ERROR — Error while fetching notes:  TypeError: Cannot read properties of undefined (reading 'length')
[2025-10-19 14:19:00] ERROR — Error while fetching notes:  TypeError: Cannot read properties of undefined (reading 'length')
[2025-10-19 14:25:13] ERROR — Error while fetching notes:  TypeError: Cannot read properties of undefined (reading 'length')
[2025-10-19 14:34:29] ERROR — Error while fetching notes:  TypeError: Cannot read properties of undefined (reading 'length')
[2025-10-19 14:34:34] ERROR — Error while fetching notes:  TypeError: Cannot read properties of undefined (reading 'length')
[2025-10-19 14:34:40] ERROR — Error while fetching notes:  TypeError: Cannot read properties of undefined (reading 'length')
[2025-10-19 14:34:42] ERROR — Error while fetching notes:  TypeError: Cannot read properties of undefined (reading 'length')
[2025-10-19 14:34:43] ERROR — Error while fetching notes:  TypeError: Cannot read properties of undefined (reading 'length')
[2025-10-19 14:34:45] ERROR — Error while fetching notes:  TypeError: Cannot read properties of undefined (reading 'length')
[2025-10-19 14:34:46] ERROR — Error while fetching notes:  TypeError: Cannot read properties of undefined (reading 'length')
[2025-10-19 14:48:40] ERROR — Error while fetching notes:  TypeError: Cannot read properties of undefined (reading 'length')
[2025-10-19 14:48:41] ERROR — Error while fetching notes:  TypeError: Cannot read properties of undefined (reading 'length')
[2025-10-19 14:52:37] ERROR — Error while fetching notes:  TypeError: Cannot read properties of undefined (reading 'length')
[2025-10-19 15:03:42] ERROR — Error while fetching notes:  TypeError: Cannot read properties of undefined (reading 'note')
[2025-10-19 15:09:03] ERROR — Error while fetching notes:  TypeError: Cannot read properties of undefined (reading 'note')
[2025-10-19 15:14:13] ERROR — Error while modifying planning:  TypeError: Cannot read properties of undefined (reading 'match')
[2025-10-19 15:23:26] ERROR — Error while modifying planning:  TypeError: Cannot read properties of undefined (reading 'frequency')
[2025-10-19 15:25:32] ERROR — Error while modifying planning:  TypeError: Cannot read properties of undefined (reading 'frequency')
[2025-10-19 15:26:57] ERROR — Error while modifying planning:  TypeError: Cannot read properties of undefined (reading 'frequency')
[2025-10-19 15:29:01] ERROR — Error while modifying planning:  TypeError: Cannot read properties of undefined (reading 'frequency')
[2025-10-19 15:35:10] ERROR — Error while modifying planning:  TypeError: Cannot read properties of undefined (reading 'match')
[2025-10-19 15:37:03] ERROR — Error while modifying planning:  TypeError: Cannot read properties of undefined (reading 'match')
    at parseNumericPattern (file:///D:/Web%20Projects/backend%20AgendaCourse%20Refactored/node_modules/date-fns/parse/_lib/utils.js:21:34)
    at parseNDigits (file:///D:/Web%20Projects/backend%20AgendaCourse%20Refactored/node_modules/date-fns/parse/_lib/utils.js:72:14)
    at DateParser.parse (file:///D:/Web%20Projects/backend%20AgendaCourse%20Refactored/node_modules/date-fns/parse/_lib/parsers/DateParser.js:27:16)
    at DateParser.run (file:///D:/Web%20Projects/backend%20AgendaCourse%20Refactored/node_modules/date-fns/parse/_lib/Parser.js:5:25)
    at parse (file:///D:/Web%20Projects/backend%20AgendaCourse%20Refactored/node_modules/date-fns/parse.js:429:34)
    at parseToDate (file:///D:/Web%20Projects/backend%20AgendaCourse%20Refactored/utils/dateUtils.js:6:12)
    at modifyPlanning (file:///D:/Web%20Projects/backend%20AgendaCourse%20Refactored/services/PlanningService.js:106:49)
    at modifyPlanningData (file:///D:/Web%20Projects/backend%20AgendaCourse%20Refactored/controllers/planningController.js:149:15)
    at Layer.handle [as handle_request] (D:\Web Projects\backend AgendaCourse Refactored\node_modules\express\lib\router\layer.js:95:5)
    at next (D:\Web Projects\backend AgendaCourse Refactored\node_modules\express\lib\router\route.js:149:13)
[2025-10-19 15:38:09] ERROR — Error while modifying planning:  TypeError: Cannot read properties of undefined (reading 'frequency')
    at modifyPlanning (file:///D:/Web%20Projects/backend%20AgendaCourse%20Refactored/services/PlanningService.js:110:119)
    at modifyPlanningData (file:///D:/Web%20Projects/backend%20AgendaCourse%20Refactored/controllers/planningController.js:149:15)
    at Layer.handle [as handle_request] (D:\Web Projects\backend AgendaCourse Refactored\node_modules\express\lib\router\layer.js:95:5)
    at next (D:\Web Projects\backend AgendaCourse Refactored\node_modules\express\lib\router\route.js:149:13)
    at isAuthentified (file:///D:/Web%20Projects/backend%20AgendaCourse%20Refactored/middlewares/sessionCheck.js:3:9)
    at Layer.handle [as handle_request] (D:\Web Projects\backend AgendaCourse Refactored\node_modules\express\lib\router\layer.js:95:5)
    at next (D:\Web Projects\backend AgendaCourse Refactored\node_modules\express\lib\router\route.js:149:13)
    at Route.dispatch (D:\Web Projects\backend AgendaCourse Refactored\node_modules\express\lib\router\route.js:119:3)
    at Layer.handle [as handle_request] (D:\Web Projects\backend AgendaCourse Refactored\node_modules\express\lib\router\layer.js:95:5)
    at D:\Web Projects\backend AgendaCourse Refactored\node_modules\express\lib\router\index.js:284:15
