[2025-10-21 11:18:58] ERROR — Error while modifying planning:  ReferenceError: isBefore is not defined
    at modifyPlanning (file:///D:/Web%20Projects/backend%20AgendaCourse%20Refactored/services/PlanningService.js:109:29)
    at modifyPlanningData (file:///D:/Web%20Projects/backend%20AgendaCourse%20Refactored/controllers/planningController.js:149:15)
    at Layer.handle [as handle_request] (D:\Web Projects\backend AgendaCourse Refactored\node_modules\express\lib\router\layer.js:95:5)
    at next (D:\Web Projects\backend AgendaCourse Refactored\node_modules\express\lib\router\route.js:149:13)
    at isAuthentified (file:///D:/Web%20Projects/backend%20AgendaCourse%20Refactored/middlewares/sessionCheck.js:3:9)
    at Layer.handle [as handle_request] (D:\Web Projects\backend AgendaCourse Refactored\node_modules\express\lib\router\layer.js:95:5)
    at next (D:\Web Projects\backend AgendaCourse Refactored\node_modules\express\lib\router\route.js:149:13)
    at Route.dispatch (D:\Web Projects\backend AgendaCourse Refactored\node_modules\express\lib\router\route.js:119:3)
    at Layer.handle [as handle_request] (D:\Web Projects\backend AgendaCourse Refactored\node_modules\express\lib\router\layer.js:95:5)
    at D:\Web Projects\backend AgendaCourse Refactored\node_modules\express\lib\router\index.js:284:15
[2025-10-21 11:29:48] ERROR — Error while modifying planning:  TypeError: Cannot read properties of undefined (reading 'match')
    at parseNumericPattern (file:///D:/Web%20Projects/backend%20AgendaCourse%20Refactored/node_modules/date-fns/parse/_lib/utils.js:21:34)
    at parseNDigits (file:///D:/Web%20Projects/backend%20AgendaCourse%20Refactored/node_modules/date-fns/parse/_lib/utils.js:72:14)
    at DateParser.parse (file:///D:/Web%20Projects/backend%20AgendaCourse%20Refactored/node_modules/date-fns/parse/_lib/parsers/DateParser.js:27:16)
    at DateParser.run (file:///D:/Web%20Projects/backend%20AgendaCourse%20Refactored/node_modules/date-fns/parse/_lib/Parser.js:5:25)
    at parse (file:///D:/Web%20Projects/backend%20AgendaCourse%20Refactored/node_modules/date-fns/parse.js:429:34)
    at parseToDate (file:///D:/Web%20Projects/backend%20AgendaCourse%20Refactored/utils/dateUtils.js:6:12)
    at modifyPlanning (file:///D:/Web%20Projects/backend%20AgendaCourse%20Refactored/services/PlanningService.js:110:38)
    at modifyPlanningData (file:///D:/Web%20Projects/backend%20AgendaCourse%20Refactored/controllers/planningController.js:149:15)
    at Layer.handle [as handle_request] (D:\Web Projects\backend AgendaCourse Refactored\node_modules\express\lib\router\layer.js:95:5)
    at next (D:\Web Projects\backend AgendaCourse Refactored\node_modules\express\lib\router\route.js:149:13)
[2025-10-21 11:46:41] ERROR — Error while modifying planning:  TypeError: Cannot read properties of undefined (reading 'match')
    at parseNumericPattern (file:///D:/Web%20Projects/backend%20AgendaCourse%20Refactored/node_modules/date-fns/parse/_lib/utils.js:21:34)
    at parseNDigits (file:///D:/Web%20Projects/backend%20AgendaCourse%20Refactored/node_modules/date-fns/parse/_lib/utils.js:72:14)
    at DateParser.parse (file:///D:/Web%20Projects/backend%20AgendaCourse%20Refactored/node_modules/date-fns/parse/_lib/parsers/DateParser.js:27:16)
    at DateParser.run (file:///D:/Web%20Projects/backend%20AgendaCourse%20Refactored/node_modules/date-fns/parse/_lib/Parser.js:5:25)
    at parse (file:///D:/Web%20Projects/backend%20AgendaCourse%20Refactored/node_modules/date-fns/parse.js:429:34)
    at parseToDate (file:///D:/Web%20Projects/backend%20AgendaCourse%20Refactored/utils/dateUtils.js:6:12)
    at modifyPlanning (file:///D:/Web%20Projects/backend%20AgendaCourse%20Refactored/services/PlanningService.js:110:70)
    at modifyPlanningData (file:///D:/Web%20Projects/backend%20AgendaCourse%20Refactored/controllers/planningController.js:149:15)
    at Layer.handle [as handle_request] (D:\Web Projects\backend AgendaCourse Refactored\node_modules\express\lib\router\layer.js:95:5)
    at next (D:\Web Projects\backend AgendaCourse Refactored\node_modules\express\lib\router\route.js:149:13)
[2025-10-21 11:47:03] ERROR — Error while modifying planning:  TypeError: Cannot read properties of undefined (reading 'match')
    at parseNumericPattern (file:///D:/Web%20Projects/backend%20AgendaCourse%20Refactored/node_modules/date-fns/parse/_lib/utils.js:21:34)
    at parseNDigits (file:///D:/Web%20Projects/backend%20AgendaCourse%20Refactored/node_modules/date-fns/parse/_lib/utils.js:72:14)
    at DateParser.parse (file:///D:/Web%20Projects/backend%20AgendaCourse%20Refactored/node_modules/date-fns/parse/_lib/parsers/DateParser.js:27:16)
    at DateParser.run (file:///D:/Web%20Projects/backend%20AgendaCourse%20Refactored/node_modules/date-fns/parse/_lib/Parser.js:5:25)
    at parse (file:///D:/Web%20Projects/backend%20AgendaCourse%20Refactored/node_modules/date-fns/parse.js:429:34)
    at parseToDate (file:///D:/Web%20Projects/backend%20AgendaCourse%20Refactored/utils/dateUtils.js:6:12)
    at modifyPlanning (file:///D:/Web%20Projects/backend%20AgendaCourse%20Refactored/services/PlanningService.js:110:70)
    at modifyPlanningData (file:///D:/Web%20Projects/backend%20AgendaCourse%20Refactored/controllers/planningController.js:149:15)
    at Layer.handle [as handle_request] (D:\Web Projects\backend AgendaCourse Refactored\node_modules\express\lib\router\layer.js:95:5)
    at next (D:\Web Projects\backend AgendaCourse Refactored\node_modules\express\lib\router\route.js:149:13)
[2025-10-21 11:48:16] ERROR — Error while modifying planning:  TypeError: Cannot read properties of undefined (reading 'start_date')
    at modifyPlanning (file:///D:/Web%20Projects/backend%20AgendaCourse%20Refactored/services/PlanningService.js:113:58)
    at modifyPlanningData (file:///D:/Web%20Projects/backend%20AgendaCourse%20Refactored/controllers/planningController.js:149:15)
    at Layer.handle [as handle_request] (D:\Web Projects\backend AgendaCourse Refactored\node_modules\express\lib\router\layer.js:95:5)
    at next (D:\Web Projects\backend AgendaCourse Refactored\node_modules\express\lib\router\route.js:149:13)
    at isAuthentified (file:///D:/Web%20Projects/backend%20AgendaCourse%20Refactored/middlewares/sessionCheck.js:3:9)
    at Layer.handle [as handle_request] (D:\Web Projects\backend AgendaCourse Refactored\node_modules\express\lib\router\layer.js:95:5)
    at next (D:\Web Projects\backend AgendaCourse Refactored\node_modules\express\lib\router\route.js:149:13)
    at Route.dispatch (D:\Web Projects\backend AgendaCourse Refactored\node_modules\express\lib\router\route.js:119:3)
    at Layer.handle [as handle_request] (D:\Web Projects\backend AgendaCourse Refactored\node_modules\express\lib\router\layer.js:95:5)
    at D:\Web Projects\backend AgendaCourse Refactored\node_modules\express\lib\router\index.js:284:15
